<?xml version="1.0" encoding="UTF-8"?>
<!-- Generated by org.testng.reporters.JUnitXMLReporter -->
<testsuite ignored="0" hostname="Asus-X515E" failures="0" tests="6" name="Test" time="40.112" errors="0" timestamp="2022-11-04T17:25:11 GMT-04:00">
  <testcase classname="testCases.TC_002_Login" name="test_login" time="3.401"/>
  <testcase classname="testCases.TC_003_LoginDDT" name="test_LoginDDT" time="2.648"/>
  <testcase classname="testCases.TC_001_AccountRegistration" name="test_account_registration" time="6.501"/>
  <testcase classname="testCases.TC_003_LoginDDT" name="test_LoginDDT" time="11.04"/>
  <testcase classname="testCases.TC_003_LoginDDT" name="test_LoginDDT" time="10.915"/>
  <testcase classname="testCases.TC_003_LoginDDT" name="test_LoginDDT" time="10.953"/>
</testsuite> <!-- Test -->
