<?xml version="1.0" encoding="UTF-8"?>
<!-- Generated by org.testng.reporters.JUnitXMLReporter -->
<testsuite ignored="0" hostname="Asus-X515E" failures="0" tests="4" name="Test(failed)" time="44.225" errors="0" timestamp="2022-11-03T17:05:15 GMT-04:00">
  <testcase classname="testCases.TC_003_LoginDDT" name="test_LoginDDT" time="3.007"/>
  <testcase classname="testCases.TC_003_LoginDDT" name="test_LoginDDT" time="11.741"/>
  <testcase classname="testCases.TC_003_LoginDDT" name="test_LoginDDT" time="12.316"/>
  <testcase classname="testCases.TC_003_LoginDDT" name="test_LoginDDT" time="12.391"/>
</testsuite> <!-- Test(failed) -->
