<?xml version="1.0" encoding="UTF-8"?>
<testng-results ignored="0" total="6" passed="6" failed="0" skipped="0">
  <reporter-output>
  </reporter-output>
  <suite started-at="2022-11-04T17:24:31 GMT-04:00" name="Suite" finished-at="2022-11-04T17:25:11 GMT-04:00" duration-ms="40112">
    <groups>
      <group name="ddt">
        <method signature="TC_003_LoginDDT.test_LoginDDT(java.lang.String,java.lang.String,java.lang.String)[pri:0, instance:testCases.TC_003_LoginDDT@1623b78d]" name="test_LoginDDT" class="testCases.TC_003_LoginDDT"/>
      </group> <!-- ddt -->
      <group name="regression">
        <method signature="TC_001_AccountRegistration.test_account_registration()[pri:0, instance:testCases.TC_001_AccountRegistration@3febb011]" name="test_account_registration" class="testCases.TC_001_AccountRegistration"/>
      </group> <!-- regression -->
      <group name="sanity">
        <method signature="TC_002_Login.test_login()[pri:0, instance:testCases.TC_002_Login@5c33f1a9]" name="test_login" class="testCases.TC_002_Login"/>
      </group> <!-- sanity -->
      <group name="master">
        <method signature="TC_001_AccountRegistration.test_account_registration()[pri:0, instance:testCases.TC_001_AccountRegistration@3febb011]" name="test_account_registration" class="testCases.TC_001_AccountRegistration"/>
        <method signature="TC_002_Login.test_login()[pri:0, instance:testCases.TC_002_Login@5c33f1a9]" name="test_login" class="testCases.TC_002_Login"/>
      </group> <!-- master -->
    </groups>
    <test started-at="2022-11-04T17:24:31 GMT-04:00" name="Test" finished-at="2022-11-04T17:25:11 GMT-04:00" duration-ms="40112">
      <class name="testCases.TC_001_AccountRegistration">
        <test-method is-config="true" signature="setup(java.lang.String)[pri:0, instance:testCases.TC_001_AccountRegistration@3febb011]" started-at="2022-11-04T17:24:31 GMT-04:00" name="setup" finished-at="2022-11-04T17:24:33 GMT-04:00" duration-ms="2209" status="PASS">
          <params>
            <param index="0">
              <value>
                <![CDATA[chrome]]>
              </value>
            </param>
          </params>
          <reporter-output>
          </reporter-output>
        </test-method> <!-- setup -->
        <test-method signature="test_account_registration()[pri:0, instance:testCases.TC_001_AccountRegistration@3febb011]" started-at="2022-11-04T17:24:33 GMT-04:00" name="test_account_registration" finished-at="2022-11-04T17:24:40 GMT-04:00" duration-ms="6501" status="PASS">
          <reporter-output>
          </reporter-output>
        </test-method> <!-- test_account_registration -->
        <test-method is-config="true" signature="tearDown()[pri:0, instance:testCases.TC_001_AccountRegistration@3febb011]" started-at="2022-11-04T17:24:40 GMT-04:00" name="tearDown" finished-at="2022-11-04T17:24:40 GMT-04:00" duration-ms="170" status="PASS">
          <reporter-output>
          </reporter-output>
        </test-method> <!-- tearDown -->
      </class> <!-- testCases.TC_001_AccountRegistration -->
      <class name="testCases.TC_002_Login">
        <test-method is-config="true" signature="setup(java.lang.String)[pri:0, instance:testCases.TC_002_Login@5c33f1a9]" started-at="2022-11-04T17:24:31 GMT-04:00" name="setup" finished-at="2022-11-04T17:24:33 GMT-04:00" duration-ms="2209" status="PASS">
          <params>
            <param index="0">
              <value>
                <![CDATA[chrome]]>
              </value>
            </param>
          </params>
          <reporter-output>
          </reporter-output>
        </test-method> <!-- setup -->
        <test-method signature="test_login()[pri:0, instance:testCases.TC_002_Login@5c33f1a9]" started-at="2022-11-04T17:24:33 GMT-04:00" name="test_login" finished-at="2022-11-04T17:24:36 GMT-04:00" duration-ms="3401" status="PASS">
          <reporter-output>
          </reporter-output>
        </test-method> <!-- test_login -->
        <test-method is-config="true" signature="tearDown()[pri:0, instance:testCases.TC_002_Login@5c33f1a9]" started-at="2022-11-04T17:24:37 GMT-04:00" name="tearDown" finished-at="2022-11-04T17:24:37 GMT-04:00" duration-ms="339" status="PASS">
          <reporter-output>
          </reporter-output>
        </test-method> <!-- tearDown -->
      </class> <!-- testCases.TC_002_Login -->
      <class name="testCases.TC_003_LoginDDT">
        <test-method is-config="true" signature="setup(java.lang.String)[pri:0, instance:testCases.TC_003_LoginDDT@1623b78d]" started-at="2022-11-04T17:24:31 GMT-04:00" name="setup" finished-at="2022-11-04T17:24:33 GMT-04:00" duration-ms="2209" status="PASS">
          <params>
            <param index="0">
              <value>
                <![CDATA[chrome]]>
              </value>
            </param>
          </params>
          <reporter-output>
          </reporter-output>
        </test-method> <!-- setup -->
        <test-method signature="test_LoginDDT(java.lang.String,java.lang.String,java.lang.String)[pri:0, instance:testCases.TC_003_LoginDDT@1623b78d]" started-at="2022-11-04T17:24:35 GMT-04:00" name="test_LoginDDT" data-provider="LoginData" finished-at="2022-11-04T17:24:38 GMT-04:00" duration-ms="2648" status="PASS">
          <params>
            <param index="0">
              <value>
                <![CDATA[admin1@gmail.com]]>
              </value>
            </param>
            <param index="1">
              <value>
                <![CDATA[abcdxyz]]>
              </value>
            </param>
            <param index="2">
              <value>
                <![CDATA[Valid]]>
              </value>
            </param>
          </params>
          <reporter-output>
          </reporter-output>
        </test-method> <!-- test_LoginDDT -->
        <test-method signature="test_LoginDDT(java.lang.String,java.lang.String,java.lang.String)[pri:0, instance:testCases.TC_003_LoginDDT@1623b78d]" started-at="2022-11-04T17:24:38 GMT-04:00" name="test_LoginDDT" data-provider="LoginData" finished-at="2022-11-04T17:24:49 GMT-04:00" duration-ms="11040" status="PASS">
          <params>
            <param index="0">
              <value>
                <![CDATA[raining@gmail.com]]>
              </value>
            </param>
            <param index="1">
              <value>
                <![CDATA[test]]>
              </value>
            </param>
            <param index="2">
              <value>
                <![CDATA[Invalid]]>
              </value>
            </param>
          </params>
          <reporter-output>
          </reporter-output>
        </test-method> <!-- test_LoginDDT -->
        <test-method signature="test_LoginDDT(java.lang.String,java.lang.String,java.lang.String)[pri:0, instance:testCases.TC_003_LoginDDT@1623b78d]" started-at="2022-11-04T17:24:49 GMT-04:00" name="test_LoginDDT" data-provider="LoginData" finished-at="2022-11-04T17:25:00 GMT-04:00" duration-ms="10915" status="PASS">
          <params>
            <param index="0">
              <value>
                <![CDATA[van@gmail.com]]>
              </value>
            </param>
            <param index="1">
              <value>
                <![CDATA[test123]]>
              </value>
            </param>
            <param index="2">
              <value>
                <![CDATA[Invalid]]>
              </value>
            </param>
          </params>
          <reporter-output>
          </reporter-output>
        </test-method> <!-- test_LoginDDT -->
        <test-method signature="test_LoginDDT(java.lang.String,java.lang.String,java.lang.String)[pri:0, instance:testCases.TC_003_LoginDDT@1623b78d]" started-at="2022-11-04T17:25:00 GMT-04:00" name="test_LoginDDT" data-provider="LoginData" finished-at="2022-11-04T17:25:11 GMT-04:00" duration-ms="10953" status="PASS">
          <params>
            <param index="0">
              <value>
                <![CDATA[simn@gmail.com]]>
              </value>
            </param>
            <param index="1">
              <value>
                <![CDATA[test]]>
              </value>
            </param>
            <param index="2">
              <value>
                <![CDATA[Invalid]]>
              </value>
            </param>
          </params>
          <reporter-output>
          </reporter-output>
        </test-method> <!-- test_LoginDDT -->
        <test-method is-config="true" signature="tearDown()[pri:0, instance:testCases.TC_003_LoginDDT@1623b78d]" started-at="2022-11-04T17:25:11 GMT-04:00" name="tearDown" finished-at="2022-11-04T17:25:11 GMT-04:00" duration-ms="190" status="PASS">
          <reporter-output>
          </reporter-output>
        </test-method> <!-- tearDown -->
      </class> <!-- testCases.TC_003_LoginDDT -->
    </test> <!-- Test -->
  </suite> <!-- Suite -->
</testng-results>
